[debug] [2025-05-31T07:19:39.541Z] ----------------------------------------------------------------------
[debug] [2025-05-31T07:19:39.543Z] Command:       A:\Program files\nodeJS\node.exe C:\Users\manac\AppData\Roaming\npm\node_modules\firebase-tools\lib\bin\firebase.js init
[debug] [2025-05-31T07:19:39.544Z] CLI Version:   14.5.1
[debug] [2025-05-31T07:19:39.544Z] Platform:      win32
[debug] [2025-05-31T07:19:39.544Z] Node Version:  v22.14.0
[debug] [2025-05-31T07:19:39.544Z] Time:          Sat May 31 2025 10:19:39 GMT+0300 (Москва, стандартное время)
[debug] [2025-05-31T07:19:39.544Z] ----------------------------------------------------------------------
[debug] 
[debug] [2025-05-31T07:19:39.549Z] > command requires scopes: ["email","openid","https://www.googleapis.com/auth/cloudplatformprojects.readonly","https://www.googleapis.com/auth/firebase","https://www.googleapis.com/auth/cloud-platform"]
[debug] [2025-05-31T07:19:39.550Z] > authorizing via signed-in user (manachinsky88@gmail.com)
[info] 
     ######## #### ########  ######## ########     ###     ######  ########
     ##        ##  ##     ## ##       ##     ##  ##   ##  ##       ##
     ######    ##  ########  ######   ########  #########  ######  ######
     ##        ##  ##    ##  ##       ##     ## ##     ##       ## ##
     ##       #### ##     ## ######## ########  ##     ##  ######  ########

You're about to initialize a Firebase project in this directory:

  A:\Progects\Progress Quest Universal\progressquest-backend

[info] 
=== Project Setup
[info] 
[info] First, let's associate this project directory with a Firebase project.
[info] You can create multiple project aliases by running firebase use --add, 
[info] but for now we'll just set up a default project.
[info] 
[debug] [2025-05-31T07:20:12.978Z] Checked if tokens are valid: true, expires at: 1748678420753
[debug] [2025-05-31T07:20:12.979Z] Checked if tokens are valid: true, expires at: 1748678420753
[debug] [2025-05-31T07:20:12.980Z] >>> [apiv2][query] GET https://firebase.googleapis.com/v1beta1/projects pageSize=100
[debug] [2025-05-31T07:20:13.688Z] <<< [apiv2][status] GET https://firebase.googleapis.com/v1beta1/projects 200
[debug] [2025-05-31T07:20:13.688Z] <<< [apiv2][body] GET https://firebase.googleapis.com/v1beta1/projects [omitted]
[info] i  Using project progress-quest-universal (Progress Quest Universal) 
[info] 
=== Firestore Setup
[info] i  firestore: ensuring required API firestore.googleapis.com is enabled... 
[debug] [2025-05-31T07:20:16.034Z] Checked if tokens are valid: true, expires at: 1748678420753
[debug] [2025-05-31T07:20:16.035Z] Checked if tokens are valid: true, expires at: 1748678420753
[debug] [2025-05-31T07:20:16.035Z] >>> [apiv2][query] GET https://serviceusage.googleapis.com/v1/projects/progress-quest-universal/services/firestore.googleapis.com [none]
[debug] [2025-05-31T07:20:16.035Z] >>> [apiv2][(partial)header] GET https://serviceusage.googleapis.com/v1/projects/progress-quest-universal/services/firestore.googleapis.com x-goog-quota-user=projects/progress-quest-universal
[debug] [2025-05-31T07:20:17.126Z] <<< [apiv2][status] GET https://serviceusage.googleapis.com/v1/projects/progress-quest-universal/services/firestore.googleapis.com 200
[debug] [2025-05-31T07:20:17.126Z] <<< [apiv2][body] GET https://serviceusage.googleapis.com/v1/projects/progress-quest-universal/services/firestore.googleapis.com [omitted]
[info] +  firestore: required API firestore.googleapis.com is enabled 
[debug] [2025-05-31T07:20:17.126Z] Checked if tokens are valid: true, expires at: 1748678420753
[debug] [2025-05-31T07:20:17.126Z] Checked if tokens are valid: true, expires at: 1748678420753
[debug] [2025-05-31T07:20:17.127Z] >>> [apiv2][query] GET https://firestore.googleapis.com/v1/projects/progress-quest-universal/databases [none]
[debug] [2025-05-31T07:20:17.833Z] <<< [apiv2][status] GET https://firestore.googleapis.com/v1/projects/progress-quest-universal/databases 200
[debug] [2025-05-31T07:20:17.834Z] <<< [apiv2][body] GET https://firestore.googleapis.com/v1/projects/progress-quest-universal/databases {"databases":[{"name":"projects/progress-quest-universal/databases/(default)","uid":"6ad3a473-5622-4bed-98ec-f1ad71303b94","createTime":"2025-05-31T06:47:53.174327Z","updateTime":"2025-05-31T06:47:53.174327Z","locationId":"eur3","type":"FIRESTORE_NATIVE","concurrencyMode":"PESSIMISTIC","versionRetentionPeriod":"3600s","earliestVersionTime":"2025-05-31T06:47:53.174327Z","appEngineIntegrationMode":"DISABLED","keyPrefix":"e","pointInTimeRecoveryEnablement":"POINT_IN_TIME_RECOVERY_DISABLED","deleteProtectionState":"DELETE_PROTECTION_DISABLED","databaseEdition":"STANDARD","freeTier":true,"etag":"IMaal+eVzY0DMNKajduUzY0D"}]}
[info] 
[info] Firestore Security Rules allow you to define how and when to allow
[info] requests. You can keep these rules in your project directory
[info] and publish them with firebase deploy.
[info] 
[debug] [2025-05-31T07:20:20.999Z] Checked if tokens are valid: true, expires at: 1748678420753
[debug] [2025-05-31T07:20:20.999Z] Checked if tokens are valid: true, expires at: 1748678420753
[debug] [2025-05-31T07:20:20.999Z] >>> [apiv2][query] GET https://firebaserules.googleapis.com/v1/projects/progress-quest-universal/releases pageSize=10&pageToken=
[debug] [2025-05-31T07:20:22.213Z] <<< [apiv2][status] GET https://firebaserules.googleapis.com/v1/projects/progress-quest-universal/releases 200
[debug] [2025-05-31T07:20:22.213Z] <<< [apiv2][body] GET https://firebaserules.googleapis.com/v1/projects/progress-quest-universal/releases {"releases":[{"name":"projects/progress-quest-universal/releases/cloud.firestore","rulesetName":"projects/progress-quest-universal/rulesets/556aa7b9-784e-4ec0-a9c9-2a902807654f","createTime":"2025-05-31T06:47:57.401481Z","updateTime":"2025-05-31T06:48:23.631598Z"}]}
[debug] [2025-05-31T07:20:22.213Z] Checked if tokens are valid: true, expires at: 1748678420753
[debug] [2025-05-31T07:20:22.213Z] Checked if tokens are valid: true, expires at: 1748678420753
[debug] [2025-05-31T07:20:22.213Z] >>> [apiv2][query] GET https://firebaserules.googleapis.com/v1/projects/progress-quest-universal/rulesets/556aa7b9-784e-4ec0-a9c9-2a902807654f [none]
[debug] [2025-05-31T07:20:22.941Z] <<< [apiv2][status] GET https://firebaserules.googleapis.com/v1/projects/progress-quest-universal/rulesets/556aa7b9-784e-4ec0-a9c9-2a902807654f 200
[debug] [2025-05-31T07:20:22.941Z] <<< [apiv2][body] GET https://firebaserules.googleapis.com/v1/projects/progress-quest-universal/rulesets/556aa7b9-784e-4ec0-a9c9-2a902807654f [omitted]
[info] i  Downloaded the existing Firestore Security Rules from the Firebase console 
[info] i  firestore.rules is unchanged 
[info] 
[info] Firestore indexes allow you to perform complex queries while
[info] maintaining performance that scales with the size of the result
[info] set. You can keep index definitions in your project directory
[info] and publish them with firebase deploy.
[info] 
[debug] [2025-05-31T07:20:23.796Z] Checked if tokens are valid: true, expires at: 1748678420753
[debug] [2025-05-31T07:20:23.796Z] Checked if tokens are valid: true, expires at: 1748678420753
[debug] [2025-05-31T07:20:23.796Z] Checked if tokens are valid: true, expires at: 1748678420753
[debug] [2025-05-31T07:20:23.796Z] Checked if tokens are valid: true, expires at: 1748678420753
[debug] [2025-05-31T07:20:23.796Z] >>> [apiv2][query] GET https://firestore.googleapis.com/v1/projects/progress-quest-universal/databases/(default)/collectionGroups/-/indexes [none]
[debug] [2025-05-31T07:20:23.798Z] >>> [apiv2][query] GET https://firestore.googleapis.com/v1/projects/progress-quest-universal/databases/(default)/collectionGroups/-/fields?filter=indexConfig.usesAncestorConfig=false OR ttlConfig:* [none]
[debug] [2025-05-31T07:20:24.075Z] <<< [apiv2][status] GET https://firestore.googleapis.com/v1/projects/progress-quest-universal/databases/(default)/collectionGroups/-/fields?filter=indexConfig.usesAncestorConfig=false OR ttlConfig:* 200
[debug] [2025-05-31T07:20:24.075Z] <<< [apiv2][body] GET https://firestore.googleapis.com/v1/projects/progress-quest-universal/databases/(default)/collectionGroups/-/fields?filter=indexConfig.usesAncestorConfig=false OR ttlConfig:* {"fields":[{"name":"projects/progress-quest-universal/databases/(default)/collectionGroups/__default__/fields/*","indexConfig":{"indexes":[{"queryScope":"COLLECTION","fields":[{"fieldPath":"*","order":"ASCENDING"}],"state":"READY"},{"queryScope":"COLLECTION","fields":[{"fieldPath":"*","order":"DESCENDING"}],"state":"READY"},{"queryScope":"COLLECTION","fields":[{"fieldPath":"*","arrayConfig":"CONTAINS"}],"state":"READY"}]}}]}
[debug] [2025-05-31T07:20:24.083Z] <<< [apiv2][status] GET https://firestore.googleapis.com/v1/projects/progress-quest-universal/databases/(default)/collectionGroups/-/indexes 200
[debug] [2025-05-31T07:20:24.083Z] <<< [apiv2][body] GET https://firestore.googleapis.com/v1/projects/progress-quest-universal/databases/(default)/collectionGroups/-/indexes {}
[info] i  Downloaded the existing Firestore indexes from the Firebase console 
[info] i  firestore.indexes.json is unchanged 
[info] +  Wrote firestore.indexes.json 
[info] 
=== Functions Setup
[debug] [2025-05-31T07:20:24.085Z] > command requires scopes: ["email","openid","https://www.googleapis.com/auth/cloudplatformprojects.readonly","https://www.googleapis.com/auth/firebase","https://www.googleapis.com/auth/cloud-platform"]
[debug] [2025-05-31T07:20:24.085Z] > authorizing via signed-in user (manachinsky88@gmail.com)
[debug] [2025-05-31T07:20:24.085Z] [iam] checking project progress-quest-universal for permissions ["firebase.projects.get"]
[debug] [2025-05-31T07:20:24.085Z] Checked if tokens are valid: true, expires at: 1748678420753
[debug] [2025-05-31T07:20:24.085Z] Checked if tokens are valid: true, expires at: 1748678420753
[debug] [2025-05-31T07:20:24.085Z] >>> [apiv2][query] POST https://cloudresourcemanager.googleapis.com/v1/projects/progress-quest-universal:testIamPermissions [none]
[debug] [2025-05-31T07:20:24.085Z] >>> [apiv2][(partial)header] POST https://cloudresourcemanager.googleapis.com/v1/projects/progress-quest-universal:testIamPermissions x-goog-quota-user=projects/progress-quest-universal
[debug] [2025-05-31T07:20:24.086Z] >>> [apiv2][body] POST https://cloudresourcemanager.googleapis.com/v1/projects/progress-quest-universal:testIamPermissions {"permissions":["firebase.projects.get"]}
[debug] [2025-05-31T07:20:24.974Z] <<< [apiv2][status] POST https://cloudresourcemanager.googleapis.com/v1/projects/progress-quest-universal:testIamPermissions 200
[debug] [2025-05-31T07:20:24.974Z] <<< [apiv2][body] POST https://cloudresourcemanager.googleapis.com/v1/projects/progress-quest-universal:testIamPermissions {"permissions":["firebase.projects.get"]}
[debug] [2025-05-31T07:20:24.974Z] Checked if tokens are valid: true, expires at: 1748678420753
[debug] [2025-05-31T07:20:24.974Z] Checked if tokens are valid: true, expires at: 1748678420753
[debug] [2025-05-31T07:20:24.974Z] Checked if tokens are valid: true, expires at: 1748678420753
[debug] [2025-05-31T07:20:24.974Z] Checked if tokens are valid: true, expires at: 1748678420753
[debug] [2025-05-31T07:20:24.974Z] >>> [apiv2][query] GET https://serviceusage.googleapis.com/v1/projects/progress-quest-universal/services/cloudfunctions.googleapis.com [none]
[debug] [2025-05-31T07:20:24.974Z] >>> [apiv2][(partial)header] GET https://serviceusage.googleapis.com/v1/projects/progress-quest-universal/services/cloudfunctions.googleapis.com x-goog-quota-user=projects/progress-quest-universal
[debug] [2025-05-31T07:20:24.976Z] >>> [apiv2][query] GET https://serviceusage.googleapis.com/v1/projects/progress-quest-universal/services/runtimeconfig.googleapis.com [none]
[debug] [2025-05-31T07:20:24.976Z] >>> [apiv2][(partial)header] GET https://serviceusage.googleapis.com/v1/projects/progress-quest-universal/services/runtimeconfig.googleapis.com x-goog-quota-user=projects/progress-quest-universal
[debug] [2025-05-31T07:20:25.470Z] <<< [apiv2][status] GET https://serviceusage.googleapis.com/v1/projects/progress-quest-universal/services/cloudfunctions.googleapis.com 200
[debug] [2025-05-31T07:20:25.471Z] <<< [apiv2][body] GET https://serviceusage.googleapis.com/v1/projects/progress-quest-universal/services/cloudfunctions.googleapis.com [omitted]
[debug] [2025-05-31T07:20:26.038Z] <<< [apiv2][status] GET https://serviceusage.googleapis.com/v1/projects/progress-quest-universal/services/runtimeconfig.googleapis.com 200
[debug] [2025-05-31T07:20:26.038Z] <<< [apiv2][body] GET https://serviceusage.googleapis.com/v1/projects/progress-quest-universal/services/runtimeconfig.googleapis.com [omitted]
[info] Let's create a new codebase for your functions.
[info] A directory corresponding to the codebase will be created in your project
[info] with sample code pre-configured.

[info] See https://firebase.google.com/docs/functions/organize-functions for
[info] more information on organizing your functions using codebases.

[info] Functions can be deployed with firebase deploy.

[info] i  functions/package.json is unchanged 
[info] i  functions/.eslintrc.js is unchanged 
[info] i  functions/tsconfig.dev.json is unchanged 
[info] i  functions/tsconfig.json is unchanged 
[info] i  functions/src/index.ts is unchanged 
[info] i  functions/.gitignore is unchanged 
[info] 
=== Hosting Setup
[debug] [2025-05-31T07:20:48.985Z] Checked if tokens are valid: true, expires at: 1748678420753
[debug] [2025-05-31T07:20:48.985Z] Checked if tokens are valid: true, expires at: 1748678420753
[debug] [2025-05-31T07:20:48.985Z] >>> [apiv2][query] GET https://firebase.googleapis.com/v1beta1/projects/progress-quest-universal [none]
[debug] [2025-05-31T07:20:49.441Z] <<< [apiv2][status] GET https://firebase.googleapis.com/v1beta1/projects/progress-quest-universal 200
[debug] [2025-05-31T07:20:49.441Z] <<< [apiv2][body] GET https://firebase.googleapis.com/v1beta1/projects/progress-quest-universal {"projectId":"progress-quest-universal","projectNumber":"1039559255344","displayName":"Progress Quest Universal","name":"projects/progress-quest-universal","resources":{"hostingSite":"progress-quest-universal"},"state":"ACTIVE","etag":"1_6d12a7a5-5863-4889-bac5-e4a6287b6163"}
[info] 
[info] Your public directory is the folder (relative to your project directory) that
[info] will contain Hosting assets to be uploaded with firebase deploy. If you
[info] have a build process for your assets, use your build's output directory.
[info] 
[debug] [2025-05-31T07:22:04.510Z] >>> [apiv2][query] GET https://www.gstatic.com/firebasejs/releases.json [none]
[debug] [2025-05-31T07:22:04.787Z] <<< [apiv2][status] GET https://www.gstatic.com/firebasejs/releases.json 200
[debug] [2025-05-31T07:22:04.787Z] <<< [apiv2][body] GET https://www.gstatic.com/firebasejs/releases.json {"current":{"version":"11.8.1","browserURL":"https://www.gstatic.com/firebasejs/11.8.1/firebase.js","packageURL":"https://www.gstatic.com/firebasejs/11.8.1/firebase.tgz"},"live":{"version":"11.8","browserURL":"https://www.gstatic.com/firebasejs/live/11.8/firebase.js","packageURL":"https://www.gstatic.com/firebasejs/live/11.8/firebase.tgz"},"components":{"ai":"https://www.gstatic.com/firebasejs/11.8.1/firebase-ai.js","analytics":"https://www.gstatic.com/firebasejs/11.8.1/firebase-analytics.js","app":"https://www.gstatic.com/firebasejs/11.8.1/firebase-app.js","app-check":"https://www.gstatic.com/firebasejs/11.8.1/firebase-app-check.js","auth":"https://www.gstatic.com/firebasejs/11.8.1/firebase-auth.js","auth/cordova":"https://www.gstatic.com/firebasejs/11.8.1/firebase-auth/cordova.js","auth/web-extension":"https://www.gstatic.com/firebasejs/11.8.1/firebase-auth/web-extension.js","functions":"https://www.gstatic.com/firebasejs/11.8.1/firebase-functions.js","firestore":"https://www.gstatic.com/firebasejs/11.8.1/firebase-firestore.js","firestore/lite":"https://www.gstatic.com/firebasejs/11.8.1/firebase-firestore/lite.js","installations":"https://www.gstatic.com/firebasejs/11.8.1/firebase-installations.js","storage":"https://www.gstatic.com/firebasejs/11.8.1/firebase-storage.js","performance":"https://www.gstatic.com/firebasejs/11.8.1/firebase-performance.js","remote-config":"https://www.gstatic.com/firebasejs/11.8.1/firebase-remote-config.js","messaging":"https://www.gstatic.com/firebasejs/11.8.1/firebase-messaging.js","messaging/sw":"https://www.gstatic.com/firebasejs/11.8.1/firebase-messaging/sw.js","database":"https://www.gstatic.com/firebasejs/11.8.1/firebase-database.js","vertexai":"https://www.gstatic.com/firebasejs/11.8.1/firebase-vertexai.js","data-connect":"https://www.gstatic.com/firebasejs/11.8.1/firebase-data-connect.js","firestore.memory":"https://www.gstatic.com/firebasejs/11.8.1/firebase-firestore.memory.js"}}
[info] +  Wrote public/index.html 
[info] 
[info] i  Didn't detect a .git folder. Assuming A:\Progects\Progress Quest Universal\progressquest-backend is the project root. 
[info] i  Authorizing with GitHub to upload your service account to a GitHub repository's secrets store. 
[info] 
[info] Visit this URL on this device to log in:
[info] https://github.com/login/oauth/authorize?client_id=89cf50f02ac6aaed3484&state=31526569&redirect_uri=http%3A%2F%2Flocalhost%3A9005&scope=read%3Auser%20repo%20public_repo
[info] 
[info] Waiting for authentication...
[debug] [2025-05-31T07:22:18.447Z] >>> [apiv2][query] POST https://github.com/login/oauth/access_token [none]
[debug] [2025-05-31T07:22:18.447Z] >>> [apiv2][body] POST https://github.com/login/oauth/access_token [stream]
[debug] [2025-05-31T07:22:18.843Z] <<< [apiv2][status] POST https://github.com/login/oauth/access_token 200
[debug] [2025-05-31T07:22:18.844Z] <<< [apiv2][body] POST https://github.com/login/oauth/access_token {"access_token":"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","token_type":"bearer","scope":"read:user,repo"}
[debug] [2025-05-31T07:22:18.846Z] >>> [apiv2][query] GET https://api.github.com/user [none]
[debug] [2025-05-31T07:22:19.260Z] <<< [apiv2][status] GET https://api.github.com/user 200
[debug] [2025-05-31T07:22:19.260Z] <<< [apiv2][body] GET https://api.github.com/user {"login":"BUka228","id":128601089,"node_id":"U_kgDOB6pMAQ","avatar_url":"https://avatars.githubusercontent.com/u/128601089?v=4","gravatar_id":"","url":"https://api.github.com/users/BUka228","html_url":"https://github.com/BUka228","followers_url":"https://api.github.com/users/BUka228/followers","following_url":"https://api.github.com/users/BUka228/following{/other_user}","gists_url":"https://api.github.com/users/BUka228/gists{/gist_id}","starred_url":"https://api.github.com/users/BUka228/starred{/owner}{/repo}","subscriptions_url":"https://api.github.com/users/BUka228/subscriptions","organizations_url":"https://api.github.com/users/BUka228/orgs","repos_url":"https://api.github.com/users/BUka228/repos","events_url":"https://api.github.com/users/BUka228/events{/privacy}","received_events_url":"https://api.github.com/users/BUka228/received_events","type":"User","user_view_type":"private","site_admin":false,"name":"Altigerg","company":null,"blog":"","location":null,"email":null,"hireable":null,"bio":null,"twitter_username":null,"notification_email":null,"public_repos":3,"public_gists":0,"followers":0,"following":0,"created_at":"2023-03-22T12:09:12Z","updated_at":"2025-04-14T18:40:15Z","private_gists":0,"total_private_repos":12,"owned_private_repos":12,"disk_usage":24356,"collaborators":1,"two_factor_authentication":false,"plan":{"name":"free","space":976562499,"collaborators":0,"private_repos":10000}}
[info] 
[info] +  Success! Logged into GitHub as BUka228 
[info] 
